<?xml version="1.0" encoding="UTF-8"?>
<!-- Generated by org.testng.reporters.JUnitReportReporter -->
<testsuite hostname="LAPTOP-FTRQM368" failures="0" tests="4" name="testpack.TestNG3" time="0.022" errors="0" timestamp="05 Mar 2023 11:32:10 GMT" skipped="0">
  <testcase classname="testpack.TestNG3" name="testB" time="0.005"/>
  <testcase classname="testpack.TestNG3" name="testC" time="0.002"/>
  <testcase classname="testpack.TestNG3" name="testD" time="0.003"/>
  <testcase classname="testpack.TestNG3" name="testA" time="0.012"/>
</testsuite> <!-- testpack.TestNG3 -->
