<?xml version="1.0" encoding="UTF-8"?>
<!-- Generated by org.testng.reporters.JUnitReportReporter -->
<testsuite hostname="LAPTOP-FTRQM368" failures="0" tests="8" name="testpack.TestNG2" time="0.008" errors="0" timestamp="03 Mar 2023 16:43:41 GMT" skipped="4">
  <testcase classname="testpack.TestNG2" name="test2" time="0.002"/>
  <testcase classname="testpack.TestNG2" name="test3" time="0.002"/>
  <testcase classname="testpack.TestNG2" name="test4" time="0.000">
    <skipped/>
  </testcase> <!-- test4 -->
  <testcase classname="testpack.TestNG2" name="test1" time="0.000">
    <skipped/>
  </testcase> <!-- test1 -->
  <testcase classname="testpack.TestNG2" name="test3" time="0.000">
    <skipped/>
  </testcase> <!-- test3 -->
  <testcase classname="testpack.TestNG2" name="test2" time="0.000">
    <skipped/>
  </testcase> <!-- test2 -->
  <testcase classname="testpack.TestNG2" name="test4" time="0.003"/>
  <testcase classname="testpack.TestNG2" name="test1" time="0.001"/>
</testsuite> <!-- testpack.TestNG2 -->
