<?xml version="1.0" encoding="UTF-8"?>
<!-- Generated by org.testng.reporters.JUnitReportReporter -->
<testsuite hostname="LAPTOP-FTRQM368" failures="0" tests="1" name="testpack.FBTestNG1" time="10.896" errors="0" timestamp="03 Mar 2023 16:43:41 GMT" skipped="0">
  <testcase classname="testpack.FBTestNG1" name="logIn" time="10.896"/>
</testsuite> <!-- testpack.FBTestNG1 -->
